生成启动时间为 2018/3/27 9:32:47。
     1>项目“E:\比特作业\数据结构\静态顺序表\静态链表\静态链表.vcxproj”在节点 2 上(Build 个目标)。
     1>ClCompile:
         E:\比特人\VC\bin\CL.exe /c /ZI /nologo /W3 /WX- /sdl /Od /Oy- /D _UNICODE /D UNICODE /Gm /EHsc /RTC1 /MDd /GS /fp:precise /Zc:wchar_t /Zc:forScope /Fo"Debug\\" /Fd"Debug\vc120.pdb" /Gd /TC /analyze- /errorReport:prompt test.c
         test.c
     1>e:\比特作业\数据结构\静态顺序表\静态链表\test.c(9): warning C4047: “=”:“DataType”与“void *”的间接级别不同
     1>e:\比特作业\数据结构\静态顺序表\静态链表\test.c(17): warning C4047: “!=”:“DataType”与“void *”的间接级别不同
     1>e:\比特作业\数据结构\静态顺序表\静态链表\test.c(33): warning C4047: “=”:“DataType”与“void *”的间接级别不同
     1>e:\比特作业\数据结构\静态顺序表\静态链表\test.c(70): warning C4018: “>”: 有符号/无符号不匹配
     1>e:\比特作业\数据结构\静态顺序表\静态链表\test.c(77): warning C4018: “>=”: 有符号/无符号不匹配
     1>e:\比特作业\数据结构\静态顺序表\静态链表\test.c(88): warning C4018: “>”: 有符号/无符号不匹配
     1>e:\比特作业\数据结构\静态顺序表\静态链表\test.c(91): warning C4098: “SeqListErase”:“void”函数返回值
     1>e:\比特作业\数据结构\静态顺序表\静态链表\test.c(93): warning C4018: “<=”: 有符号/无符号不匹配
     1>e:\比特作业\数据结构\静态顺序表\静态链表\test.c(165): warning C4047: “!=”:“DataType”与“void *”的间接级别不同
     1>e:\比特作业\数据结构\静态顺序表\静态链表\test.c(117): warning C4716: “SeqListFind”: 必须返回一个值
     1>e:\比特作业\数据结构\静态顺序表\静态链表\test.c(172): warning C4715: “SeqListEmpty”: 不是所有的控件路径都返回值
     1>e:\比特作业\数据结构\静态顺序表\静态链表\test.c(177): warning C4716: “SeqListSize”: 必须返回一个值
       Link:
         E:\比特人\VC\bin\link.exe /ERRORREPORT:PROMPT /OUT:"E:\比特作业\数据结构\静态顺序表\Debug\静态链表.exe" /INCREMENTAL /NOLOGO kernel32.lib user32.lib gdi32.lib winspool.lib comdlg32.lib advapi32.lib shell32.lib ole32.lib oleaut32.lib uuid.lib odbc32.lib odbccp32.lib /MANIFEST /MANIFESTUAC:"level='asInvoker' uiAccess='false'" /manifest:embed /DEBUG /PDB:"E:\比特作业\数据结构\静态顺序表\Debug\静态链表.pdb" /TLBID:1 /DYNAMICBASE /NXCOMPAT /IMPLIB:"E:\比特作业\数据结构\静态顺序表\Debug\静态链表.lib" /MACHINE:X86 Debug\test.obj
         "Debug\静态顺序表.obj"
         静态链表.vcxproj -> E:\比特作业\数据结构\静态顺序表\Debug\静态链表.exe
     1>已完成生成项目“E:\比特作业\数据结构\静态顺序表\静态链表\静态链表.vcxproj”(Build 个目标)的操作。

生成成功。

已用时间 00:00:00.78
