生成启动时间为 2018/4/23 14:34:03。
     1>项目“E:\比特作业\数据结构\队列\队列\队列.vcxproj”在节点 2 上(Build 个目标)。
     1>ClCompile:
         E:\比特人\VC\bin\CL.exe /c /ZI /nologo /W3 /WX- /sdl /Od /Oy- /D _UNICODE /D UNICODE /Gm /EHsc /RTC1 /MDd /GS /fp:precise /Zc:wchar_t /Zc:forScope /Fo"Debug\\" /Fd"Debug\vc120.pdb" /Gd /TC /analyze- /errorReport:prompt queue.c test.c
         test.c
     1>e:\比特作业\数据结构\队列\队列\test.c(55): warning C4033: “QueueFront”必须返回值
     1>e:\比特作业\数据结构\队列\队列\test.c(67): warning C4033: “QueueBack”必须返回值
         queue.c
     1>e:\比特作业\数据结构\队列\队列\queue.c(18): warning C4013: “system”未定义；假设外部返回 int
     1>e:\比特作业\数据结构\队列\队列\queue.c(7): warning C4101: “PHead”: 未引用的局部变量
         正在生成代码...
     1>e:\比特作业\数据结构\队列\队列\test.c(59): warning C4715: “QueueFront”: 不是所有的控件路径都返回值
     1>e:\比特作业\数据结构\队列\队列\test.c(71): warning C4715: “QueueBack”: 不是所有的控件路径都返回值
       Link:
         E:\比特人\VC\bin\link.exe /ERRORREPORT:PROMPT /OUT:"E:\比特作业\数据结构\队列\Debug\队列.exe" /INCREMENTAL /NOLOGO kernel32.lib user32.lib gdi32.lib winspool.lib comdlg32.lib advapi32.lib shell32.lib ole32.lib oleaut32.lib uuid.lib odbc32.lib odbccp32.lib /MANIFEST /MANIFESTUAC:"level='asInvoker' uiAccess='false'" /manifest:embed /DEBUG /PDB:"E:\比特作业\数据结构\队列\Debug\队列.pdb" /TLBID:1 /DYNAMICBASE /NXCOMPAT /IMPLIB:"E:\比特作业\数据结构\队列\Debug\队列.lib" /MACHINE:X86 Debug\queue.obj
         Debug\test.obj
         队列.vcxproj -> E:\比特作业\数据结构\队列\Debug\队列.exe
     1>已完成生成项目“E:\比特作业\数据结构\队列\队列\队列.vcxproj”(Build 个目标)的操作。

生成成功。

已用时间 00:00:00.95
